[2026-05-08T06:23:46.534+0000] {manager.py:470} INFO - Processing files using up to 2 processes at a time 
[2026-05-08T06:23:46.535+0000] {manager.py:471} INFO - Process each file at most once every 30 seconds
[2026-05-08T06:23:46.535+0000] {manager.py:472} INFO - Checking for new files in /opt/airflow/dags every 300 seconds
[2026-05-08T06:23:46.535+0000] {manager.py:737} INFO - Searching for files in /opt/airflow/dags
[2026-05-08T06:23:46.535+0000] {manager.py:740} INFO - There are 0 files in /opt/airflow/dags
[2026-05-08T06:26:53.638+0000] {manager.py:470} INFO - Processing files using up to 2 processes at a time 
[2026-05-08T06:26:53.639+0000] {manager.py:471} INFO - Process each file at most once every 30 seconds
[2026-05-08T06:26:53.639+0000] {manager.py:472} INFO - Checking for new files in /opt/airflow/dags every 300 seconds
[2026-05-08T06:26:53.640+0000] {manager.py:737} INFO - Searching for files in /opt/airflow/dags
[2026-05-08T06:26:53.641+0000] {manager.py:740} INFO - There are 0 files in /opt/airflow/dags
[2026-05-08T06:32:04.799+0000] {manager.py:470} INFO - Processing files using up to 2 processes at a time 
[2026-05-08T06:32:04.799+0000] {manager.py:471} INFO - Process each file at most once every 30 seconds
[2026-05-08T06:32:04.800+0000] {manager.py:472} INFO - Checking for new files in /opt/airflow/dags every 300 seconds
[2026-05-08T06:32:04.800+0000] {manager.py:737} INFO - Searching for files in /opt/airflow/dags
[2026-05-08T06:32:04.801+0000] {manager.py:740} INFO - There are 0 files in /opt/airflow/dags
[2026-05-08T06:34:11.372+0000] {manager.py:470} INFO - Processing files using up to 2 processes at a time 
[2026-05-08T06:34:11.372+0000] {manager.py:471} INFO - Process each file at most once every 30 seconds
[2026-05-08T06:34:11.372+0000] {manager.py:472} INFO - Checking for new files in /opt/airflow/dags every 300 seconds
[2026-05-08T06:34:11.372+0000] {manager.py:737} INFO - Searching for files in /opt/airflow/dags
[2026-05-08T06:34:11.373+0000] {manager.py:740} INFO - There are 0 files in /opt/airflow/dags
[2026-05-08T06:39:11.969+0000] {manager.py:737} INFO - Searching for files in /opt/airflow/dags
[2026-05-08T06:39:11.978+0000] {manager.py:740} INFO - There are 0 files in /opt/airflow/dags
[2026-05-08T06:42:36.588+0000] {manager.py:470} INFO - Processing files using up to 2 processes at a time 
[2026-05-08T06:42:36.589+0000] {manager.py:471} INFO - Process each file at most once every 30 seconds
[2026-05-08T06:42:36.589+0000] {manager.py:472} INFO - Checking for new files in /opt/airflow/dags every 300 seconds
[2026-05-08T06:42:36.589+0000] {manager.py:737} INFO - Searching for files in /opt/airflow/dags
[2026-05-08T06:42:36.590+0000] {manager.py:740} INFO - There are 0 files in /opt/airflow/dags
[2026-05-08T06:47:08.707+0000] {manager.py:470} INFO - Processing files using up to 2 processes at a time 
[2026-05-08T06:47:08.707+0000] {manager.py:471} INFO - Process each file at most once every 30 seconds
[2026-05-08T06:47:08.708+0000] {manager.py:472} INFO - Checking for new files in /opt/airflow/dags every 300 seconds
[2026-05-08T06:47:08.708+0000] {manager.py:737} INFO - Searching for files in /opt/airflow/dags
[2026-05-08T06:47:08.709+0000] {manager.py:740} INFO - There are 0 files in /opt/airflow/dags
[2026-05-08T06:52:09.248+0000] {manager.py:737} INFO - Searching for files in /opt/airflow/dags
[2026-05-08T06:52:09.253+0000] {manager.py:740} INFO - There are 0 files in /opt/airflow/dags
[2026-05-08T06:57:10.222+0000] {manager.py:737} INFO - Searching for files in /opt/airflow/dags
[2026-05-08T06:57:10.242+0000] {manager.py:740} INFO - There are 0 files in /opt/airflow/dags
[2026-05-08T07:02:10.364+0000] {manager.py:737} INFO - Searching for files in /opt/airflow/dags
[2026-05-08T07:02:10.374+0000] {manager.py:740} INFO - There are 0 files in /opt/airflow/dags
[2026-05-08T07:07:11.178+0000] {manager.py:737} INFO - Searching for files in /opt/airflow/dags
[2026-05-08T07:07:11.188+0000] {manager.py:740} INFO - There are 0 files in /opt/airflow/dags
[2026-05-08T07:12:11.952+0000] {manager.py:737} INFO - Searching for files in /opt/airflow/dags
[2026-05-08T07:12:11.961+0000] {manager.py:740} INFO - There are 0 files in /opt/airflow/dags
[2026-05-08T07:17:12.070+0000] {manager.py:737} INFO - Searching for files in /opt/airflow/dags
[2026-05-08T07:17:12.075+0000] {manager.py:740} INFO - There are 0 files in /opt/airflow/dags
[2026-05-08T07:22:12.219+0000] {manager.py:737} INFO - Searching for files in /opt/airflow/dags
[2026-05-08T07:22:12.229+0000] {manager.py:740} INFO - There are 0 files in /opt/airflow/dags
[2026-05-08T07:27:12.966+0000] {manager.py:737} INFO - Searching for files in /opt/airflow/dags
[2026-05-08T07:27:12.973+0000] {manager.py:740} INFO - There are 0 files in /opt/airflow/dags
[2026-05-08T07:32:13.520+0000] {manager.py:737} INFO - Searching for files in /opt/airflow/dags
[2026-05-08T07:32:13.527+0000] {manager.py:740} INFO - There are 0 files in /opt/airflow/dags
[2026-05-08T07:37:14.470+0000] {manager.py:737} INFO - Searching for files in /opt/airflow/dags
[2026-05-08T07:37:14.477+0000] {manager.py:740} INFO - There are 0 files in /opt/airflow/dags
[2026-05-08T07:42:15.234+0000] {manager.py:737} INFO - Searching for files in /opt/airflow/dags
[2026-05-08T07:42:15.246+0000] {manager.py:740} INFO - There are 0 files in /opt/airflow/dags
[2026-05-08T07:47:16.027+0000] {manager.py:737} INFO - Searching for files in /opt/airflow/dags
[2026-05-08T07:47:16.031+0000] {manager.py:740} INFO - There are 0 files in /opt/airflow/dags
[2026-05-08T07:52:16.805+0000] {manager.py:737} INFO - Searching for files in /opt/airflow/dags
[2026-05-08T07:52:16.815+0000] {manager.py:740} INFO - There are 0 files in /opt/airflow/dags
[2026-05-08T07:57:17.597+0000] {manager.py:737} INFO - Searching for files in /opt/airflow/dags
[2026-05-08T07:57:17.601+0000] {manager.py:740} INFO - There are 0 files in /opt/airflow/dags
[2026-05-08T08:02:18.456+0000] {manager.py:737} INFO - Searching for files in /opt/airflow/dags
[2026-05-08T08:02:18.466+0000] {manager.py:740} INFO - There are 0 files in /opt/airflow/dags
[2026-05-08T08:07:19.251+0000] {manager.py:737} INFO - Searching for files in /opt/airflow/dags
[2026-05-08T08:07:19.255+0000] {manager.py:740} INFO - There are 0 files in /opt/airflow/dags
[2026-05-08T08:12:20.169+0000] {manager.py:737} INFO - Searching for files in /opt/airflow/dags
[2026-05-08T08:12:20.180+0000] {manager.py:740} INFO - There are 0 files in /opt/airflow/dags
[2026-05-08T08:17:20.660+0000] {manager.py:737} INFO - Searching for files in /opt/airflow/dags
[2026-05-08T08:17:20.665+0000] {manager.py:740} INFO - There are 0 files in /opt/airflow/dags
[2026-05-08T08:22:21.223+0000] {manager.py:737} INFO - Searching for files in /opt/airflow/dags
[2026-05-08T08:22:21.230+0000] {manager.py:740} INFO - There are 0 files in /opt/airflow/dags
[2026-05-08T08:27:22.187+0000] {manager.py:737} INFO - Searching for files in /opt/airflow/dags
[2026-05-08T08:27:22.193+0000] {manager.py:740} INFO - There are 0 files in /opt/airflow/dags
[2026-05-08T08:32:22.890+0000] {manager.py:737} INFO - Searching for files in /opt/airflow/dags
[2026-05-08T08:32:22.907+0000] {manager.py:740} INFO - There are 0 files in /opt/airflow/dags
[2026-05-08T08:37:23.768+0000] {manager.py:737} INFO - Searching for files in /opt/airflow/dags
[2026-05-08T08:37:23.777+0000] {manager.py:740} INFO - There are 0 files in /opt/airflow/dags
[2026-05-08T08:42:24.503+0000] {manager.py:737} INFO - Searching for files in /opt/airflow/dags
[2026-05-08T08:42:24.513+0000] {manager.py:740} INFO - There are 0 files in /opt/airflow/dags
[2026-05-08T08:47:24.684+0000] {manager.py:737} INFO - Searching for files in /opt/airflow/dags
[2026-05-08T08:47:24.690+0000] {manager.py:740} INFO - There are 0 files in /opt/airflow/dags
[2026-05-08T08:52:25.207+0000] {manager.py:737} INFO - Searching for files in /opt/airflow/dags
[2026-05-08T08:52:25.210+0000] {manager.py:740} INFO - There are 0 files in /opt/airflow/dags
[2026-05-08T08:57:25.246+0000] {manager.py:737} INFO - Searching for files in /opt/airflow/dags
[2026-05-08T08:57:25.251+0000] {manager.py:740} INFO - There are 0 files in /opt/airflow/dags
[2026-05-08T09:02:25.497+0000] {manager.py:737} INFO - Searching for files in /opt/airflow/dags
[2026-05-08T09:02:25.501+0000] {manager.py:740} INFO - There are 0 files in /opt/airflow/dags
